Arguments: 
  /usr/bin/node /usr/local/bin/yarn add @fontawesome/@fontawesome-free

PATH: 
  /usr/local/bin:/usr/bin:/usr/local/sbin:/usr/sbin:/home/spartanbunk/.composer/vendor/bin:/home/spartanbunk/.local/bin:/home/spartanbunk/bin

Yarn version: 
  1.22.18

Node version: 
  16.14.1

Platform: 
  linux x64

Trace: 
  Error: https://registry.yarnpkg.com/@fontawesome%2f: Request "https://registry.yarnpkg.com/@fontawesome%2f" returned a 405
      at Request.params.callback [as _callback] (/usr/local/lib/node_modules/yarn/lib/cli.js:66147:18)
      at Request.self.callback (/usr/local/lib/node_modules/yarn/lib/cli.js:140883:22)
      at Request.emit (node:events:526:28)
      at Request.<anonymous> (/usr/local/lib/node_modules/yarn/lib/cli.js:141855:10)
      at Request.emit (node:events:526:28)
      at IncomingMessage.<anonymous> (/usr/local/lib/node_modules/yarn/lib/cli.js:141777:12)
      at Object.onceWrapper (node:events:645:28)
      at IncomingMessage.emit (node:events:538:35)
      at endReadableNT (node:internal/streams/readable:1345:12)
      at processTicksAndRejections (node:internal/process/task_queues:83:21)

npm manifest: 
  {
    "name": "orion-docker-vue",
    "version": "0.1.0",
    "private": true,
    "scripts": {
      "serve": "vue-cli-service serve",
      "build": "vue-cli-service build",
      "lint": "vue-cli-service lint"
    },
    "dependencies": {
      "core-js": "^3.8.3",
      "vue": "^3.2.13"
    },
    "devDependencies": {
      "@babel/core": "^7.12.16",
      "@babel/eslint-parser": "^7.12.16",
      "@vue/cli-plugin-babel": "~5.0.0",
      "@vue/cli-plugin-eslint": "~5.0.0",
      "@vue/cli-service": "~5.0.0",
      "eslint": "^7.32.0",
      "eslint-plugin-vue": "^8.0.3"
    },
    "eslintConfig": {
      "root": true,
      "env": {
        "node": true
      },
      "extends": [
        "plugin:vue/vue3-essential",
        "eslint:recommended"
      ],
      "parserOptions": {
        "parser": "@babel/eslint-parser"
      },
      "rules": {}
    },
    "browserslist": [
      "> 1%",
      "last 2 versions",
      "not dead",
      "not ie 11"
    ]
  }

yarn manifest: 
  No manifest

Lockfile: 
  No lockfile
